== 1) cat ==
ID,Name,Age,Gender,Grade,Subject
1,Alice,20,F,88,Math
2,Bob,22,M,76,History
3,Charlie,23,M,90,Math
4,Diana,21,F,85,Science
5,Eve,20,F,92,Math
6,Frank,22,M,72,History
7,Grace,23,F,78,Science
8,Heidi,21,F,88,Math
9,Ivan,20,M,85,Science
10,Judy,22,F,79,History

== 2) head 5 ==
ID,Name,Age,Gender,Grade,Subject
1,Alice,20,F,88,Math
2,Bob,22,M,76,History
3,Charlie,23,M,90,Math
4,Diana,21,F,85,Science

== 3) tail 3 ==
8,Heidi,21,F,88,Math
9,Ivan,20,M,85,Science
10,Judy,22,F,79,History

== 4) wc -l ==
11 students.csv

== 5) Subject=Math ==
1,Alice,20,F,88,Math
3,Charlie,23,M,90,Math
5,Eve,20,F,92,Math
8,Heidi,21,F,88,Math

== 6) Gender=F ==
1,Alice,20,F,88,Math
4,Diana,21,F,85,Science
5,Eve,20,F,92,Math
7,Grace,23,F,78,Science
8,Heidi,21,F,88,Math
10,Judy,22,F,79,History

== 7) Sort by Age ascending ==
ID,Name,Age,Gender,Grade,Subject
1,Alice,20,F,88,Math
5,Eve,20,F,92,Math
9,Ivan,20,M,85,Science
4,Diana,21,F,85,Science
8,Heidi,21,F,88,Math
10,Judy,22,F,79,History
2,Bob,22,M,76,History
6,Frank,22,M,72,History
3,Charlie,23,M,90,Math
7,Grace,23,F,78,Science

== 8) Unique subjects ==
History
Math
Science

== 9) Average grade ==
Average grade = 83.30

== 10) Replace Math -> Mathematics ==
ID,Name,Age,Gender,Grade,Subject
1,Alice,20,F,88,Mathematics
2,Bob,22,M,76,History
3,Charlie,23,M,90,Mathematics
4,Diana,21,F,85,Science
5,Eve,20,F,92,Mathematics
6,Frank,22,M,72,History
7,Grace,23,F,78,Science
8,Heidi,21,F,88,Mathematics
9,Ivan,20,M,85,Science
